2021-04-28 07:58:41 INFO  TestBase:30 - Initiate Browser
2021-04-28 08:01:23 INFO  TestBase:30 - Initiate Browser
2021-04-28 08:01:29 INFO  TestBase:36 - Browser Initiated
2021-04-28 08:01:29 INFO  TestBase:47 - Test name: invalidRegistration
2021-04-28 08:01:31 INFO  TestBase:68 - Executed test case name:invalidRegistration Execution Results : [TestResult name=invalidRegistration status=SUCCESS method=RegistrationTest.invalidRegistration(java.lang.String, java.lang.String, java.lang.String)[pri:1, instance:RegistrationTest@3b088d51] output={null}]
2021-04-28 08:01:31 INFO  TestBase:59 - Closing Browser
2021-04-28 08:01:32 INFO  TestBase:61 - Browser Closed
2021-04-28 08:01:32 INFO  TestBase:30 - Initiate Browser
2021-04-28 08:01:36 INFO  TestBase:36 - Browser Initiated
2021-04-28 08:01:36 INFO  TestBase:47 - Test name: AddRegistration
2021-04-28 08:01:37 INFO  TestBase:68 - Executed test case name:AddRegistration Execution Results : [TestResult name=AddRegistration status=SUCCESS method=RegistrationTest.AddRegistration(java.lang.String, java.lang.String, java.lang.String)[pri:2, instance:RegistrationTest@3b088d51] output={null}]
2021-04-28 08:01:37 INFO  TestBase:59 - Closing Browser
2021-04-28 08:01:38 INFO  TestBase:61 - Browser Closed
2021-04-28 08:01:38 INFO  TestBase:30 - Initiate Browser
2021-04-28 08:01:42 INFO  TestBase:36 - Browser Initiated
2021-04-28 08:01:42 INFO  TestBase:47 - Test name: Login
2021-04-28 08:01:43 INFO  TestBase:68 - Executed test case name:Login Execution Results : [TestResult name=Login status=SUCCESS method=RegistrationTest.Login(java.lang.String, java.lang.String)[pri:3, instance:RegistrationTest@3b088d51] output={null}]
2021-04-28 08:01:43 INFO  TestBase:59 - Closing Browser
2021-04-28 08:01:44 INFO  TestBase:61 - Browser Closed
2021-04-28 08:01:44 INFO  TestBase:30 - Initiate Browser
2021-04-28 08:01:49 INFO  TestBase:36 - Browser Initiated
2021-04-28 08:01:49 INFO  TestBase:47 - Test name: Login
2021-04-28 08:01:49 INFO  TestBase:68 - Executed test case name:Login Execution Results : [TestResult name=Login status=SUCCESS method=RegistrationTest.Login(java.lang.String, java.lang.String)[pri:3, instance:RegistrationTest@3b088d51] output={null}]
2021-04-28 08:01:49 INFO  TestBase:59 - Closing Browser
2021-04-28 08:01:51 INFO  TestBase:61 - Browser Closed
2021-04-28 08:01:51 INFO  TestBase:30 - Initiate Browser
2021-04-28 08:01:55 INFO  TestBase:36 - Browser Initiated
2021-04-28 08:01:55 INFO  TestBase:47 - Test name: VerifyLogout
2021-04-28 08:02:06 INFO  TestBase:68 - Executed test case name:VerifyLogout Execution Results : [TestResult name=VerifyLogout status=FAILURE method=RegistrationTest.VerifyLogout()[pri:5, instance:RegistrationTest@3b088d51] output={null}]
2021-05-06 18:14:33 INFO  TestBase:29 - Initiate Browser
2021-05-06 18:14:56 INFO  TestBase:35 - Browser Initiated
2021-05-06 18:14:56 INFO  TestBase:46 - Test name: testVerifyForgotPassword
2021-05-06 18:15:07 INFO  TestBase:67 - Executed test case name:testVerifyForgotPassword Execution Results : [TestResult name=testVerifyForgotPassword status=FAILURE method=LoginTest.testVerifyForgotPassword()[pri:5, instance:com.project.automation.webgoat.tests.LoginTest@15d0c81b] output={null}]
2021-05-06 21:03:04 INFO  TestBase:29 - Initiate Browser
2021-05-06 21:03:15 INFO  TestBase:35 - Browser Initiated
2021-05-06 21:03:15 INFO  TestBase:46 - Test name: testVerifyForgotPassword
2021-05-06 21:03:16 INFO  TestBase:67 - Executed test case name:testVerifyForgotPassword Execution Results : [TestResult name=testVerifyForgotPassword status=SUCCESS method=LoginTest.testVerifyForgotPassword()[pri:5, instance:com.project.automation.webgoat.tests.LoginTest@15d0c81b] output={null}]
2021-05-06 21:03:16 INFO  TestBase:58 - Closing Browser
2021-05-06 21:03:18 INFO  TestBase:60 - Browser Closed
2021-05-07 06:54:49 INFO  TestBase:29 - Initiate Browser
2021-05-07 06:55:07 INFO  TestBase:35 - Browser Initiated
2021-05-07 06:55:07 INFO  TestBase:46 - Test name: testVerifyForgotPassword
2021-05-07 06:55:21 INFO  TestBase:67 - Executed test case name:testVerifyForgotPassword Execution Results : [TestResult name=testVerifyForgotPassword status=FAILURE method=LoginTest.testVerifyForgotPassword()[pri:5, instance:com.project.automation.webgoat.tests.LoginTest@15d0c81b] output={null}]
2021-05-07 06:58:21 INFO  TestBase:29 - Initiate Browser
2021-05-07 06:58:30 INFO  TestBase:35 - Browser Initiated
2021-05-07 06:58:30 INFO  TestBase:46 - Test name: testVerifyForgotPassword
2021-05-07 06:58:31 INFO  TestBase:67 - Executed test case name:testVerifyForgotPassword Execution Results : [TestResult name=testVerifyForgotPassword status=FAILURE method=LoginTest.testVerifyForgotPassword()[pri:5, instance:com.project.automation.webgoat.tests.LoginTest@15d0c81b] output={null}]
2021-05-07 07:16:41 INFO  TestBase:29 - Initiate Browser
2021-05-07 07:16:49 INFO  TestBase:35 - Browser Initiated
2021-05-07 07:16:49 INFO  TestBase:46 - Test name: testVerifyForgotPassword
2021-05-07 07:16:50 INFO  TestBase:67 - Executed test case name:testVerifyForgotPassword Execution Results : [TestResult name=testVerifyForgotPassword status=FAILURE method=LoginTest.testVerifyForgotPassword()[pri:5, instance:com.project.automation.webgoat.tests.LoginTest@15d0c81b] output={null}]
